23:19:21.633 [ApplicationImpl pooled thread 27] INFO  c.b.l.BrowserStackRunExtension - application
23:19:21.636 [ApplicationImpl pooled thread 27] INFO  com.browserstack.utils.Helpers - null
23:45:26.756 [ApplicationImpl pooled thread 5] INFO  c.b.l.BrowserStackRunExtension - application
23:45:26.758 [ApplicationImpl pooled thread 5] INFO  com.browserstack.utils.Helpers - null
23:46:56.375 [ApplicationImpl pooled thread 8] INFO  c.b.l.BrowserStackRunExtension - application
23:46:56.375 [ApplicationImpl pooled thread 8] INFO  com.browserstack.utils.Helpers - null
23:47:16.076 [ApplicationImpl pooled thread 11] INFO  c.b.l.BrowserStackRunExtension - application
23:47:16.077 [ApplicationImpl pooled thread 11] INFO  com.browserstack.utils.Helpers - null
23:48:08.866 [ApplicationImpl pooled thread 8] INFO  c.b.l.BrowserStackRunExtension - application
23:48:08.866 [ApplicationImpl pooled thread 8] INFO  com.browserstack.utils.Helpers - null
23:36:09.246 [ApplicationImpl pooled thread 26] INFO  c.b.l.BrowserStackRunExtension - application
23:36:09.249 [ApplicationImpl pooled thread 26] INFO  com.browserstack.utils.Helpers - null
23:38:14.689 [ApplicationImpl pooled thread 27] INFO  c.b.l.BrowserStackRunExtension - application
23:38:14.689 [ApplicationImpl pooled thread 27] INFO  com.browserstack.utils.Helpers - null
21:23:52.709 [ApplicationImpl pooled thread 34] INFO  c.b.l.BrowserStackRunExtension - application
21:23:52.711 [ApplicationImpl pooled thread 34] INFO  com.browserstack.utils.Helpers - null
21:25:00.097 [ApplicationImpl pooled thread 24] INFO  c.b.l.BrowserStackRunExtension - application
21:25:00.097 [ApplicationImpl pooled thread 24] INFO  com.browserstack.utils.Helpers - null
21:42:28.308 [ApplicationImpl pooled thread 44] INFO  c.b.l.BrowserStackRunExtension - application
21:42:28.308 [ApplicationImpl pooled thread 44] INFO  com.browserstack.utils.Helpers - null
21:47:12.899 [ApplicationImpl pooled thread 46] INFO  c.b.l.BrowserStackRunExtension - application
21:47:12.899 [ApplicationImpl pooled thread 46] INFO  com.browserstack.utils.Helpers - null
21:47:29.894 [ApplicationImpl pooled thread 49] INFO  c.b.l.BrowserStackRunExtension - application
21:47:29.895 [ApplicationImpl pooled thread 49] INFO  com.browserstack.utils.Helpers - null
21:47:47.801 [ApplicationImpl pooled thread 49] INFO  c.b.l.BrowserStackRunExtension - application
21:47:47.801 [ApplicationImpl pooled thread 49] INFO  com.browserstack.utils.Helpers - null
21:47:57.804 [ApplicationImpl pooled thread 46] INFO  c.b.l.BrowserStackRunExtension - application
21:47:57.804 [ApplicationImpl pooled thread 46] INFO  com.browserstack.utils.Helpers - null
22:44:56.877 [ApplicationImpl pooled thread 84] INFO  c.b.l.BrowserStackRunExtension - application
22:44:56.877 [ApplicationImpl pooled thread 84] INFO  com.browserstack.utils.Helpers - null
22:50:42.279 [ApplicationImpl pooled thread 90] INFO  c.b.l.BrowserStackRunExtension - application
22:50:42.280 [ApplicationImpl pooled thread 90] INFO  com.browserstack.utils.Helpers - null
08:25:49.743 [AWT-EventQueue-0] INFO  c.b.actions.EnableBrowserStack - Setting enable browserstack run update
08:25:49.758 [AWT-EventQueue-0] INFO  c.b.actions.DisableBrowserStack - Setting disable browserstack run update
23:11:00.733 [ApplicationImpl pooled thread 18] INFO  c.b.l.BrowserStackRunExtension - application
23:11:00.736 [ApplicationImpl pooled thread 18] INFO  com.browserstack.utils.Helpers - null
23:11:34.616 [ApplicationImpl pooled thread 15] INFO  c.b.l.BrowserStackRunExtension - application
23:11:34.617 [ApplicationImpl pooled thread 15] INFO  com.browserstack.utils.Helpers - null
23:59:41.545 [ApplicationImpl pooled thread 33] INFO  c.b.l.BrowserStackRunExtension - application
23:59:41.546 [ApplicationImpl pooled thread 33] INFO  com.browserstack.utils.Helpers - null
20:27:52.329 [ApplicationImpl pooled thread 36] INFO  c.b.l.BrowserStackRunExtension - application
20:27:52.332 [ApplicationImpl pooled thread 36] INFO  com.browserstack.utils.Helpers - null
20:32:44.359 [ApplicationImpl pooled thread 41] INFO  c.b.l.BrowserStackRunExtension - application
20:32:44.359 [ApplicationImpl pooled thread 41] INFO  com.browserstack.utils.Helpers - null
20:38:40.763 [ApplicationImpl pooled thread 49] INFO  c.b.l.BrowserStackRunExtension - application
20:38:40.763 [ApplicationImpl pooled thread 49] INFO  com.browserstack.utils.Helpers - null
20:41:12.375 [ApplicationImpl pooled thread 49] INFO  c.b.l.BrowserStackRunExtension - application
20:41:12.375 [ApplicationImpl pooled thread 49] INFO  com.browserstack.utils.Helpers - null
20:41:15.709 [ApplicationImpl pooled thread 50] INFO  c.b.l.BrowserStackRunExtension - application
20:41:15.710 [ApplicationImpl pooled thread 50] INFO  com.browserstack.utils.Helpers - null
20:42:29.837 [ApplicationImpl pooled thread 43] INFO  c.b.l.BrowserStackRunExtension - application
20:42:29.837 [ApplicationImpl pooled thread 43] INFO  com.browserstack.utils.Helpers - null
20:44:01.990 [ApplicationImpl pooled thread 50] INFO  c.b.l.BrowserStackRunExtension - application
20:44:01.990 [ApplicationImpl pooled thread 50] INFO  com.browserstack.utils.Helpers - null
20:50:39.184 [ApplicationImpl pooled thread 61] INFO  c.b.l.BrowserStackRunExtension - application
20:50:39.185 [ApplicationImpl pooled thread 61] INFO  com.browserstack.utils.Helpers - null
20:52:22.219 [ApplicationImpl pooled thread 43] INFO  c.b.l.BrowserStackRunExtension - application
20:52:22.220 [ApplicationImpl pooled thread 43] INFO  com.browserstack.utils.Helpers - null
20:55:08.105 [ApplicationImpl pooled thread 70] INFO  c.b.l.BrowserStackRunExtension - application
20:55:08.106 [ApplicationImpl pooled thread 70] INFO  com.browserstack.utils.Helpers - null
20:55:53.368 [ApplicationImpl pooled thread 70] INFO  c.b.l.BrowserStackRunExtension - application
20:55:53.369 [ApplicationImpl pooled thread 70] INFO  com.browserstack.utils.Helpers - null
20:56:06.112 [ApplicationImpl pooled thread 70] INFO  c.b.l.BrowserStackRunExtension - application
20:56:06.112 [ApplicationImpl pooled thread 70] INFO  com.browserstack.utils.Helpers - null
20:58:18.181 [ApplicationImpl pooled thread 71] INFO  c.b.l.BrowserStackRunExtension - application
20:58:18.181 [ApplicationImpl pooled thread 71] INFO  com.browserstack.utils.Helpers - null
20:58:44.773 [ApplicationImpl pooled thread 74] INFO  c.b.l.BrowserStackRunExtension - application
20:58:44.773 [ApplicationImpl pooled thread 74] INFO  com.browserstack.utils.Helpers - null
20:58:55.626 [ApplicationImpl pooled thread 74] INFO  c.b.l.BrowserStackRunExtension - application
20:58:55.626 [ApplicationImpl pooled thread 74] INFO  com.browserstack.utils.Helpers - null
22:48:23.199 [ApplicationImpl pooled thread 100] INFO  c.b.l.BrowserStackRunExtension - application
22:48:23.199 [ApplicationImpl pooled thread 100] INFO  com.browserstack.utils.Helpers - null
22:50:47.793 [ApplicationImpl pooled thread 100] INFO  c.b.l.BrowserStackRunExtension - application
22:50:47.793 [ApplicationImpl pooled thread 100] INFO  com.browserstack.utils.Helpers - null
22:58:31.189 [ApplicationImpl pooled thread 110] INFO  c.b.l.BrowserStackRunExtension - application
22:58:31.189 [ApplicationImpl pooled thread 110] INFO  com.browserstack.utils.Helpers - null
22:59:23.587 [ApplicationImpl pooled thread 108] INFO  c.b.l.BrowserStackRunExtension - application
22:59:23.587 [ApplicationImpl pooled thread 108] INFO  com.browserstack.utils.Helpers - null
23:00:29.755 [ApplicationImpl pooled thread 100] INFO  c.b.l.BrowserStackRunExtension - application
23:00:29.755 [ApplicationImpl pooled thread 100] INFO  com.browserstack.utils.Helpers - null
23:01:48.174 [ApplicationImpl pooled thread 109] INFO  c.b.l.BrowserStackRunExtension - application
23:01:48.174 [ApplicationImpl pooled thread 109] INFO  com.browserstack.utils.Helpers - null
23:03:11.192 [ApplicationImpl pooled thread 100] INFO  c.b.l.BrowserStackRunExtension - application
23:03:11.192 [ApplicationImpl pooled thread 100] INFO  com.browserstack.utils.Helpers - null
23:05:16.003 [ApplicationImpl pooled thread 100] INFO  c.b.l.BrowserStackRunExtension - application
23:05:16.004 [ApplicationImpl pooled thread 100] INFO  com.browserstack.utils.Helpers - null
23:12:48.948 [ApplicationImpl pooled thread 120] INFO  c.b.l.BrowserStackRunExtension - application
23:12:48.948 [ApplicationImpl pooled thread 120] INFO  com.browserstack.utils.Helpers - null
23:13:29.770 [ApplicationImpl pooled thread 117] INFO  c.b.l.BrowserStackRunExtension - application
23:13:29.770 [ApplicationImpl pooled thread 117] INFO  com.browserstack.utils.Helpers - null
23:13:52.063 [ApplicationImpl pooled thread 117] INFO  c.b.l.BrowserStackRunExtension - application
23:13:52.063 [ApplicationImpl pooled thread 117] INFO  com.browserstack.utils.Helpers - null
21:46:48.624 [ApplicationImpl pooled thread 14] INFO  c.b.l.BrowserStackRunExtension - application
21:46:48.627 [ApplicationImpl pooled thread 14] INFO  com.browserstack.utils.Helpers - null
21:48:48.300 [ApplicationImpl pooled thread 10] INFO  c.b.l.BrowserStackRunExtension - application
21:48:48.300 [ApplicationImpl pooled thread 10] INFO  com.browserstack.utils.Helpers - null
21:59:47.194 [ApplicationImpl pooled thread 27] INFO  c.b.l.BrowserStackRunExtension - application
21:59:47.194 [ApplicationImpl pooled thread 27] INFO  com.browserstack.utils.Helpers - null
22:07:39.396 [ApplicationImpl pooled thread 36] INFO  c.b.l.BrowserStackRunExtension - application
22:07:39.396 [ApplicationImpl pooled thread 36] INFO  com.browserstack.utils.Helpers - null
22:07:50.103 [ApplicationImpl pooled thread 39] INFO  c.b.l.BrowserStackRunExtension - application
22:07:50.103 [ApplicationImpl pooled thread 39] INFO  com.browserstack.utils.Helpers - null
22:09:50.648 [ApplicationImpl pooled thread 43] INFO  c.b.l.BrowserStackRunExtension - application
22:09:50.649 [ApplicationImpl pooled thread 43] INFO  com.browserstack.utils.Helpers - null
22:18:18.446 [ApplicationImpl pooled thread 49] INFO  c.b.l.BrowserStackRunExtension - application
22:18:18.447 [ApplicationImpl pooled thread 49] INFO  com.browserstack.utils.Helpers - null
22:28:04.590 [ApplicationImpl pooled thread 46] INFO  c.b.l.BrowserStackRunExtension - application
22:28:04.591 [ApplicationImpl pooled thread 46] INFO  com.browserstack.utils.Helpers - null
22:35:45.232 [ApplicationImpl pooled thread 66] INFO  c.b.l.BrowserStackRunExtension - application
22:35:45.232 [ApplicationImpl pooled thread 66] INFO  com.browserstack.utils.Helpers - null
23:00:10.531 [ApplicationImpl pooled thread 66] INFO  c.b.l.BrowserStackRunExtension - application
23:00:10.531 [ApplicationImpl pooled thread 66] INFO  com.browserstack.utils.Helpers - null
23:02:13.357 [ApplicationImpl pooled thread 73] INFO  c.b.l.BrowserStackRunExtension - application
23:02:13.357 [ApplicationImpl pooled thread 73] INFO  com.browserstack.utils.Helpers - null
23:03:16.516 [ApplicationImpl pooled thread 69] INFO  c.b.l.BrowserStackRunExtension - application
23:03:16.516 [ApplicationImpl pooled thread 69] INFO  com.browserstack.utils.Helpers - null
23:12:24.038 [ApplicationImpl pooled thread 77] INFO  c.b.l.BrowserStackRunExtension - application
23:12:24.038 [ApplicationImpl pooled thread 77] INFO  com.browserstack.utils.Helpers - null
23:13:17.761 [ApplicationImpl pooled thread 81] INFO  c.b.l.BrowserStackRunExtension - application
23:13:17.761 [ApplicationImpl pooled thread 81] INFO  com.browserstack.utils.Helpers - null
23:13:33.197 [ApplicationImpl pooled thread 85] INFO  c.b.l.BrowserStackRunExtension - application
23:13:33.197 [ApplicationImpl pooled thread 85] INFO  com.browserstack.utils.Helpers - null
23:14:00.740 [ApplicationImpl pooled thread 77] INFO  c.b.l.BrowserStackRunExtension - application
23:14:00.740 [ApplicationImpl pooled thread 77] INFO  com.browserstack.utils.Helpers - null
23:17:58.415 [ApplicationImpl pooled thread 87] INFO  c.b.l.BrowserStackRunExtension - application
23:17:58.415 [ApplicationImpl pooled thread 87] INFO  com.browserstack.utils.Helpers - null
23:31:22.122 [ApplicationImpl pooled thread 108] INFO  c.b.l.BrowserStackRunExtension - application
23:31:22.122 [ApplicationImpl pooled thread 108] INFO  com.browserstack.utils.Helpers - null
16:55:36.865 [ApplicationImpl pooled thread 16] INFO  c.b.l.BrowserStackRunExtension - application
16:55:36.867 [ApplicationImpl pooled thread 16] INFO  com.browserstack.utils.Helpers - null
16:58:10.124 [ApplicationImpl pooled thread 21] INFO  c.b.l.BrowserStackRunExtension - application
16:58:10.125 [ApplicationImpl pooled thread 21] INFO  com.browserstack.utils.Helpers - null
17:12:45.729 [ApplicationImpl pooled thread 38] INFO  c.b.l.BrowserStackRunExtension - application
17:12:45.729 [ApplicationImpl pooled thread 38] INFO  com.browserstack.utils.Helpers - null
18:18:20.723 [ApplicationImpl pooled thread 63] INFO  c.b.l.BrowserStackRunExtension - application
18:18:20.724 [ApplicationImpl pooled thread 63] INFO  com.browserstack.utils.Helpers - null
18:18:48.280 [ApplicationImpl pooled thread 67] INFO  c.b.l.BrowserStackRunExtension - application
18:18:48.280 [ApplicationImpl pooled thread 67] INFO  com.browserstack.utils.Helpers - null
19:50:54.741 [ApplicationImpl pooled thread 91] INFO  c.b.l.BrowserStackRunExtension - application
19:50:54.741 [ApplicationImpl pooled thread 91] INFO  com.browserstack.utils.Helpers - null
19:54:34.623 [ApplicationImpl pooled thread 92] INFO  c.b.l.BrowserStackRunExtension - application
19:54:34.623 [ApplicationImpl pooled thread 92] INFO  com.browserstack.utils.Helpers - null
20:11:00.753 [ApplicationImpl pooled thread 102] INFO  c.b.l.BrowserStackRunExtension - application
20:11:00.753 [ApplicationImpl pooled thread 102] INFO  com.browserstack.utils.Helpers - null
20:13:00.166 [ApplicationImpl pooled thread 102] INFO  c.b.l.BrowserStackRunExtension - application
20:13:00.166 [ApplicationImpl pooled thread 102] INFO  com.browserstack.utils.Helpers - null
20:17:08.508 [ApplicationImpl pooled thread 109] INFO  c.b.l.BrowserStackRunExtension - application
20:17:08.508 [ApplicationImpl pooled thread 109] INFO  com.browserstack.utils.Helpers - null
23:00:28.017 [ApplicationImpl pooled thread 21] INFO  c.b.l.BrowserStackRunExtension - application
23:00:28.023 [ApplicationImpl pooled thread 21] INFO  com.browserstack.utils.Helpers - null
18:29:34.704 [ApplicationImpl pooled thread 23] INFO  c.b.l.BrowserStackRunExtension - application
18:29:34.710 [ApplicationImpl pooled thread 23] INFO  com.browserstack.utils.Helpers - null
18:30:00.784 [ApplicationImpl pooled thread 13] INFO  c.b.l.BrowserStackRunExtension - application
18:30:00.784 [ApplicationImpl pooled thread 13] INFO  com.browserstack.utils.Helpers - null
18:30:41.005 [ApplicationImpl pooled thread 13] INFO  c.b.l.BrowserStackRunExtension - application
18:30:41.005 [ApplicationImpl pooled thread 13] INFO  com.browserstack.utils.Helpers - null
18:35:37.167 [ApplicationImpl pooled thread 23] INFO  c.b.l.BrowserStackRunExtension - application
18:35:37.167 [ApplicationImpl pooled thread 23] INFO  com.browserstack.utils.Helpers - null
18:46:11.873 [ApplicationImpl pooled thread 40] INFO  c.b.l.BrowserStackRunExtension - application
18:46:11.873 [ApplicationImpl pooled thread 40] INFO  com.browserstack.utils.Helpers - null
19:05:32.855 [ApplicationImpl pooled thread 50] INFO  c.b.l.BrowserStackRunExtension - application
19:05:32.855 [ApplicationImpl pooled thread 50] INFO  com.browserstack.utils.Helpers - null
20:01:10.919 [ApplicationImpl pooled thread 93] INFO  c.b.l.BrowserStackRunExtension - application
20:01:10.919 [ApplicationImpl pooled thread 93] INFO  com.browserstack.utils.Helpers - null
20:06:40.777 [ApplicationImpl pooled thread 102] INFO  c.b.l.BrowserStackRunExtension - application
20:06:40.777 [ApplicationImpl pooled thread 102] INFO  com.browserstack.utils.Helpers - null
20:12:17.037 [ApplicationImpl pooled thread 105] INFO  c.b.l.BrowserStackRunExtension - application
20:12:17.037 [ApplicationImpl pooled thread 105] INFO  com.browserstack.utils.Helpers - null
20:13:46.531 [ApplicationImpl pooled thread 108] INFO  c.b.l.BrowserStackRunExtension - application
20:13:46.531 [ApplicationImpl pooled thread 108] INFO  com.browserstack.utils.Helpers - null
20:42:34.664 [ApplicationImpl pooled thread 137] INFO  c.b.l.BrowserStackRunExtension - application
20:42:34.664 [ApplicationImpl pooled thread 137] INFO  com.browserstack.utils.Helpers - null
20:42:53.006 [ApplicationImpl pooled thread 131] INFO  c.b.l.BrowserStackRunExtension - application
20:42:53.006 [ApplicationImpl pooled thread 131] INFO  com.browserstack.utils.Helpers - null
20:44:47.352 [ApplicationImpl pooled thread 131] INFO  c.b.l.BrowserStackRunExtension - application
20:44:47.352 [ApplicationImpl pooled thread 131] INFO  com.browserstack.utils.Helpers - null
20:49:13.409 [ApplicationImpl pooled thread 131] INFO  c.b.l.BrowserStackRunExtension - application
20:49:13.409 [ApplicationImpl pooled thread 131] INFO  com.browserstack.utils.Helpers - null
20:49:55.173 [ApplicationImpl pooled thread 134] INFO  c.b.l.BrowserStackRunExtension - application
20:49:55.173 [ApplicationImpl pooled thread 134] INFO  com.browserstack.utils.Helpers - null
20:50:26.378 [ApplicationImpl pooled thread 142] INFO  c.b.l.BrowserStackRunExtension - application
20:50:26.378 [ApplicationImpl pooled thread 142] INFO  com.browserstack.utils.Helpers - null
20:50:44.925 [ApplicationImpl pooled thread 141] INFO  c.b.l.BrowserStackRunExtension - application
20:50:44.925 [ApplicationImpl pooled thread 141] INFO  com.browserstack.utils.Helpers - null
20:51:13.940 [ApplicationImpl pooled thread 134] INFO  c.b.l.BrowserStackRunExtension - application
20:51:13.940 [ApplicationImpl pooled thread 134] INFO  com.browserstack.utils.Helpers - null
21:00:45.119 [ApplicationImpl pooled thread 141] INFO  c.b.l.BrowserStackRunExtension - application
21:00:45.119 [ApplicationImpl pooled thread 141] INFO  com.browserstack.utils.Helpers - null
21:09:20.457 [ApplicationImpl pooled thread 144] INFO  c.b.l.BrowserStackRunExtension - application
21:09:20.457 [ApplicationImpl pooled thread 144] INFO  com.browserstack.utils.Helpers - null
21:09:27.773 [ApplicationImpl pooled thread 144] INFO  c.b.l.BrowserStackRunExtension - application
21:09:27.773 [ApplicationImpl pooled thread 144] INFO  com.browserstack.utils.Helpers - null
21:09:36.686 [ApplicationImpl pooled thread 153] INFO  c.b.l.BrowserStackRunExtension - application
21:09:36.686 [ApplicationImpl pooled thread 153] INFO  com.browserstack.utils.Helpers - null
21:10:12.461 [ApplicationImpl pooled thread 144] INFO  c.b.l.BrowserStackRunExtension - application
21:10:12.461 [ApplicationImpl pooled thread 144] INFO  com.browserstack.utils.Helpers - null
21:12:17.838 [ApplicationImpl pooled thread 144] INFO  c.b.l.BrowserStackRunExtension - application
21:12:17.838 [ApplicationImpl pooled thread 144] INFO  com.browserstack.utils.Helpers - null
21:12:23.926 [ApplicationImpl pooled thread 154] INFO  c.b.l.BrowserStackRunExtension - application
21:12:23.926 [ApplicationImpl pooled thread 154] INFO  com.browserstack.utils.Helpers - null
21:13:32.508 [ApplicationImpl pooled thread 155] INFO  c.b.l.BrowserStackRunExtension - application
21:13:32.508 [ApplicationImpl pooled thread 155] INFO  com.browserstack.utils.Helpers - null
21:14:02.195 [ApplicationImpl pooled thread 154] INFO  c.b.l.BrowserStackRunExtension - application
21:14:02.195 [ApplicationImpl pooled thread 154] INFO  com.browserstack.utils.Helpers - null
21:29:24.267 [ApplicationImpl pooled thread 163] INFO  c.b.l.BrowserStackRunExtension - application
21:29:24.267 [ApplicationImpl pooled thread 163] INFO  com.browserstack.utils.Helpers - null
21:30:12.348 [ApplicationImpl pooled thread 163] INFO  c.b.l.BrowserStackRunExtension - application
21:30:12.348 [ApplicationImpl pooled thread 163] INFO  com.browserstack.utils.Helpers - null
21:30:39.672 [ApplicationImpl pooled thread 167] INFO  c.b.l.BrowserStackRunExtension - application
21:30:39.672 [ApplicationImpl pooled thread 167] INFO  com.browserstack.utils.Helpers - null
21:36:58.909 [ApplicationImpl pooled thread 170] INFO  c.b.l.BrowserStackRunExtension - application
21:36:58.909 [ApplicationImpl pooled thread 170] INFO  com.browserstack.utils.Helpers - null
21:38:55.513 [ApplicationImpl pooled thread 170] INFO  c.b.l.BrowserStackRunExtension - application
21:38:55.513 [ApplicationImpl pooled thread 170] INFO  com.browserstack.utils.Helpers - null
21:39:16.770 [ApplicationImpl pooled thread 169] INFO  c.b.l.BrowserStackRunExtension - application
21:39:16.770 [ApplicationImpl pooled thread 169] INFO  com.browserstack.utils.Helpers - null
21:43:09.302 [ApplicationImpl pooled thread 175] INFO  c.b.l.BrowserStackRunExtension - application
21:43:09.302 [ApplicationImpl pooled thread 175] INFO  com.browserstack.utils.Helpers - null
23:14:44.914 [ApplicationImpl pooled thread 15] INFO  c.b.l.BrowserStackRunExtension - application
23:14:44.916 [ApplicationImpl pooled thread 15] INFO  com.browserstack.utils.Helpers - null
23:19:54.725 [ApplicationImpl pooled thread 25] INFO  c.b.l.BrowserStackRunExtension - application
23:19:54.725 [ApplicationImpl pooled thread 25] INFO  com.browserstack.utils.Helpers - null
23:21:13.542 [ApplicationImpl pooled thread 25] INFO  c.b.l.BrowserStackRunExtension - application
23:21:13.542 [ApplicationImpl pooled thread 25] INFO  com.browserstack.utils.Helpers - null
15:44:33.766 [ApplicationImpl pooled thread 21] INFO  c.b.l.BrowserStackRunExtension - application
15:44:33.766 [ApplicationImpl pooled thread 21] INFO  com.browserstack.utils.Helpers - null
15:44:47.416 [ApplicationImpl pooled thread 22] INFO  c.b.l.BrowserStackRunExtension - application
15:44:47.416 [ApplicationImpl pooled thread 22] INFO  com.browserstack.utils.Helpers - null
15:48:01.981 [ApplicationImpl pooled thread 24] INFO  c.b.l.BrowserStackRunExtension - application
15:48:01.981 [ApplicationImpl pooled thread 24] INFO  com.browserstack.utils.Helpers - null
15:51:31.946 [ApplicationImpl pooled thread 26] INFO  c.b.l.BrowserStackRunExtension - application
15:51:31.946 [ApplicationImpl pooled thread 26] INFO  com.browserstack.utils.Helpers - null
16:02:41.673 [ApplicationImpl pooled thread 48] INFO  c.b.l.BrowserStackRunExtension - application
16:02:41.673 [ApplicationImpl pooled thread 48] INFO  com.browserstack.utils.Helpers - null
16:04:17.175 [ApplicationImpl pooled thread 48] INFO  c.b.l.BrowserStackRunExtension - application
16:04:17.175 [ApplicationImpl pooled thread 48] INFO  com.browserstack.utils.Helpers - null
16:04:25.094 [ApplicationImpl pooled thread 47] INFO  c.b.l.BrowserStackRunExtension - application
16:04:25.094 [ApplicationImpl pooled thread 47] INFO  com.browserstack.utils.Helpers - null
16:14:02.426 [ApplicationImpl pooled thread 52] INFO  c.b.l.BrowserStackRunExtension - application
16:14:02.426 [ApplicationImpl pooled thread 52] INFO  com.browserstack.utils.Helpers - null
16:20:20.549 [ApplicationImpl pooled thread 58] INFO  c.b.l.BrowserStackRunExtension - application
16:20:20.549 [ApplicationImpl pooled thread 58] INFO  com.browserstack.utils.Helpers - null
16:20:31.066 [ApplicationImpl pooled thread 52] INFO  c.b.l.BrowserStackRunExtension - application
16:20:31.066 [ApplicationImpl pooled thread 52] INFO  com.browserstack.utils.Helpers - null
16:22:13.978 [ApplicationImpl pooled thread 60] INFO  c.b.l.BrowserStackRunExtension - application
16:22:13.978 [ApplicationImpl pooled thread 60] INFO  com.browserstack.utils.Helpers - null
16:27:02.424 [ApplicationImpl pooled thread 64] INFO  c.b.l.BrowserStackRunExtension - application
16:27:02.424 [ApplicationImpl pooled thread 64] INFO  com.browserstack.utils.Helpers - null
16:27:22.711 [ApplicationImpl pooled thread 58] INFO  c.b.l.BrowserStackRunExtension - application
16:27:22.711 [ApplicationImpl pooled thread 58] INFO  com.browserstack.utils.Helpers - null
16:30:06.023 [ApplicationImpl pooled thread 63] INFO  c.b.l.BrowserStackRunExtension - application
16:30:06.023 [ApplicationImpl pooled thread 63] INFO  com.browserstack.utils.Helpers - null
16:32:46.234 [ApplicationImpl pooled thread 60] INFO  c.b.l.BrowserStackRunExtension - application
16:32:46.234 [ApplicationImpl pooled thread 60] INFO  com.browserstack.utils.Helpers - null
16:43:10.895 [ApplicationImpl pooled thread 76] INFO  c.b.l.BrowserStackRunExtension - application
16:43:10.895 [ApplicationImpl pooled thread 76] INFO  com.browserstack.utils.Helpers - null
17:04:01.630 [ApplicationImpl pooled thread 90] INFO  c.b.l.BrowserStackRunExtension - application
17:04:01.630 [ApplicationImpl pooled thread 90] INFO  com.browserstack.utils.Helpers - null
17:04:17.028 [ApplicationImpl pooled thread 87] INFO  c.b.l.BrowserStackRunExtension - application
17:04:17.028 [ApplicationImpl pooled thread 87] INFO  com.browserstack.utils.Helpers - null
17:04:40.282 [ApplicationImpl pooled thread 88] INFO  c.b.l.BrowserStackRunExtension - application
17:04:40.282 [ApplicationImpl pooled thread 88] INFO  com.browserstack.utils.Helpers - null
17:04:57.209 [ApplicationImpl pooled thread 83] INFO  c.b.l.BrowserStackRunExtension - application
17:04:57.209 [ApplicationImpl pooled thread 83] INFO  com.browserstack.utils.Helpers - null
17:06:12.162 [ApplicationImpl pooled thread 91] INFO  c.b.l.BrowserStackRunExtension - application
17:06:12.162 [ApplicationImpl pooled thread 91] INFO  com.browserstack.utils.Helpers - null
17:07:22.503 [ApplicationImpl pooled thread 93] INFO  c.b.l.BrowserStackRunExtension - application
17:07:22.503 [ApplicationImpl pooled thread 93] INFO  com.browserstack.utils.Helpers - null
17:08:07.135 [ApplicationImpl pooled thread 90] INFO  c.b.l.BrowserStackRunExtension - application
17:08:07.138 [ApplicationImpl pooled thread 90] INFO  com.browserstack.utils.Helpers - null
17:08:35.669 [ApplicationImpl pooled thread 94] INFO  c.b.l.BrowserStackRunExtension - application
17:08:35.669 [ApplicationImpl pooled thread 94] INFO  com.browserstack.utils.Helpers - null
17:20:38.165 [ApplicationImpl pooled thread 99] INFO  c.b.l.BrowserStackRunExtension - application
17:20:38.165 [ApplicationImpl pooled thread 99] INFO  com.browserstack.utils.Helpers - null
17:20:53.833 [ApplicationImpl pooled thread 98] INFO  c.b.l.BrowserStackRunExtension - application
17:20:53.841 [ApplicationImpl pooled thread 98] INFO  com.browserstack.utils.Helpers - null
18:41:08.594 [ApplicationImpl pooled thread 123] INFO  c.b.l.BrowserStackRunExtension - application
18:41:08.597 [ApplicationImpl pooled thread 123] INFO  com.browserstack.utils.Helpers - null
18:41:21.128 [ApplicationImpl pooled thread 119] INFO  c.b.l.BrowserStackRunExtension - application
18:41:21.128 [ApplicationImpl pooled thread 119] INFO  com.browserstack.utils.Helpers - null
18:41:36.449 [ApplicationImpl pooled thread 120] INFO  c.b.l.BrowserStackRunExtension - application
18:41:36.449 [ApplicationImpl pooled thread 120] INFO  com.browserstack.utils.Helpers - null
20:03:17.935 [ApplicationImpl pooled thread 148] INFO  c.b.l.BrowserStackRunExtension - application
20:03:17.935 [ApplicationImpl pooled thread 148] INFO  com.browserstack.utils.Helpers - null
20:03:31.592 [ApplicationImpl pooled thread 148] INFO  c.b.l.BrowserStackRunExtension - application
20:03:31.592 [ApplicationImpl pooled thread 148] INFO  com.browserstack.utils.Helpers - null
20:03:58.595 [ApplicationImpl pooled thread 153] INFO  c.b.l.BrowserStackRunExtension - application
20:03:58.595 [ApplicationImpl pooled thread 153] INFO  com.browserstack.utils.Helpers - null
20:14:24.565 [ApplicationImpl pooled thread 159] INFO  c.b.l.BrowserStackRunExtension - application
20:14:24.565 [ApplicationImpl pooled thread 159] INFO  com.browserstack.utils.Helpers - null
20:14:38.094 [ApplicationImpl pooled thread 153] INFO  c.b.l.BrowserStackRunExtension - application
20:14:38.094 [ApplicationImpl pooled thread 153] INFO  com.browserstack.utils.Helpers - null
20:22:48.344 [ApplicationImpl pooled thread 162] INFO  c.b.l.BrowserStackRunExtension - application
20:22:48.344 [ApplicationImpl pooled thread 162] INFO  com.browserstack.utils.Helpers - null
20:29:54.384 [ApplicationImpl pooled thread 163] INFO  c.b.l.BrowserStackRunExtension - application
20:29:54.384 [ApplicationImpl pooled thread 163] INFO  com.browserstack.utils.Helpers - null
20:35:06.524 [ApplicationImpl pooled thread 164] INFO  c.b.l.BrowserStackRunExtension - application
20:35:06.524 [ApplicationImpl pooled thread 164] INFO  com.browserstack.utils.Helpers - null
20:38:32.574 [ApplicationImpl pooled thread 176] INFO  c.b.l.BrowserStackRunExtension - application
20:38:32.574 [ApplicationImpl pooled thread 176] INFO  com.browserstack.utils.Helpers - null
22:34:44.823 [ApplicationImpl pooled thread 24] INFO  c.b.l.BrowserStackRunExtension - application
22:34:44.827 [ApplicationImpl pooled thread 24] INFO  com.browserstack.utils.Helpers - null
22:34:53.822 [ApplicationImpl pooled thread 32] INFO  c.b.l.BrowserStackRunExtension - application
22:34:53.822 [ApplicationImpl pooled thread 32] INFO  com.browserstack.utils.Helpers - null
22:38:32.504 [ApplicationImpl pooled thread 38] INFO  c.b.l.BrowserStackRunExtension - application
22:38:32.504 [ApplicationImpl pooled thread 38] INFO  com.browserstack.utils.Helpers - null
22:39:51.662 [ApplicationImpl pooled thread 38] INFO  c.b.l.BrowserStackRunExtension - application
22:39:51.662 [ApplicationImpl pooled thread 38] INFO  com.browserstack.utils.Helpers - null
22:47:55.819 [ApplicationImpl pooled thread 45] INFO  c.b.l.BrowserStackRunExtension - application
22:47:55.819 [ApplicationImpl pooled thread 45] INFO  com.browserstack.utils.Helpers - null
22:48:32.992 [ApplicationImpl pooled thread 41] INFO  c.b.l.BrowserStackRunExtension - application
22:48:32.992 [ApplicationImpl pooled thread 41] INFO  com.browserstack.utils.Helpers - null
22:52:45.698 [ApplicationImpl pooled thread 44] INFO  c.b.l.BrowserStackRunExtension - application
22:52:45.698 [ApplicationImpl pooled thread 44] INFO  com.browserstack.utils.Helpers - null
22:53:06.983 [ApplicationImpl pooled thread 44] INFO  c.b.l.BrowserStackRunExtension - application
22:53:06.983 [ApplicationImpl pooled thread 44] INFO  com.browserstack.utils.Helpers - null
22:56:49.812 [ApplicationImpl pooled thread 53] INFO  c.b.l.BrowserStackRunExtension - application
22:56:49.812 [ApplicationImpl pooled thread 53] INFO  com.browserstack.utils.Helpers - null
22:57:00.204 [ApplicationImpl pooled thread 50] INFO  c.b.l.BrowserStackRunExtension - application
22:57:00.204 [ApplicationImpl pooled thread 50] INFO  com.browserstack.utils.Helpers - null
22:57:28.203 [ApplicationImpl pooled thread 56] INFO  c.b.l.BrowserStackRunExtension - application
22:57:28.203 [ApplicationImpl pooled thread 56] INFO  com.browserstack.utils.Helpers - null
23:31:26.950 [ApplicationImpl pooled thread 82] INFO  c.b.l.BrowserStackRunExtension - application
23:31:26.950 [ApplicationImpl pooled thread 82] INFO  com.browserstack.utils.Helpers - null
00:30:47.772 [ApplicationImpl pooled thread 99] INFO  c.b.l.BrowserStackRunExtension - application
00:30:47.772 [ApplicationImpl pooled thread 99] INFO  com.browserstack.utils.Helpers - null
00:42:11.231 [ApplicationImpl pooled thread 108] INFO  c.b.l.BrowserStackRunExtension - application
00:42:11.231 [ApplicationImpl pooled thread 108] INFO  com.browserstack.utils.Helpers - null
00:42:41.172 [ApplicationImpl pooled thread 110] INFO  c.b.l.BrowserStackRunExtension - application
00:42:41.172 [ApplicationImpl pooled thread 110] INFO  com.browserstack.utils.Helpers - null
00:42:57.363 [ApplicationImpl pooled thread 110] INFO  c.b.l.BrowserStackRunExtension - application
00:42:57.363 [ApplicationImpl pooled thread 110] INFO  com.browserstack.utils.Helpers - null
17:21:39.525 [ApplicationImpl pooled thread 52] INFO  c.b.l.BrowserStackRunExtension - application
17:21:39.528 [ApplicationImpl pooled thread 52] INFO  com.browserstack.utils.Helpers - null
17:37:00.388 [ApplicationImpl pooled thread 46] INFO  c.b.l.BrowserStackRunExtension - application
17:37:00.389 [ApplicationImpl pooled thread 46] INFO  com.browserstack.utils.Helpers - null
17:37:22.702 [ApplicationImpl pooled thread 46] INFO  c.b.l.BrowserStackRunExtension - application
17:37:22.703 [ApplicationImpl pooled thread 46] INFO  com.browserstack.utils.Helpers - null
17:37:57.329 [ApplicationImpl pooled thread 65] INFO  c.b.l.BrowserStackRunExtension - application
17:37:57.329 [ApplicationImpl pooled thread 65] INFO  com.browserstack.utils.Helpers - null
17:38:28.366 [ApplicationImpl pooled thread 65] INFO  c.b.l.BrowserStackRunExtension - application
17:38:28.366 [ApplicationImpl pooled thread 65] INFO  com.browserstack.utils.Helpers - null
17:39:05.781 [ApplicationImpl pooled thread 64] INFO  c.b.l.BrowserStackRunExtension - application
17:39:05.781 [ApplicationImpl pooled thread 64] INFO  com.browserstack.utils.Helpers - null
17:39:46.439 [ApplicationImpl pooled thread 65] INFO  c.b.l.BrowserStackRunExtension - application
17:39:46.439 [ApplicationImpl pooled thread 65] INFO  com.browserstack.utils.Helpers - null
17:40:09.673 [ApplicationImpl pooled thread 59] INFO  c.b.l.BrowserStackRunExtension - application
17:40:09.674 [ApplicationImpl pooled thread 59] INFO  com.browserstack.utils.Helpers - null
18:49:50.669 [ApplicationImpl pooled thread 80] INFO  c.b.l.BrowserStackRunExtension - application
18:49:50.669 [ApplicationImpl pooled thread 80] INFO  com.browserstack.utils.Helpers - null
19:15:40.904 [ApplicationImpl pooled thread 90] INFO  c.b.l.BrowserStackRunExtension - application
19:15:40.904 [ApplicationImpl pooled thread 90] INFO  com.browserstack.utils.Helpers - null
19:23:23.195 [ApplicationImpl pooled thread 102] INFO  c.b.l.BrowserStackRunExtension - application
19:23:23.195 [ApplicationImpl pooled thread 102] INFO  com.browserstack.utils.Helpers - null
20:24:11.145 [ApplicationImpl pooled thread 134] INFO  c.b.l.BrowserStackRunExtension - application
20:24:11.145 [ApplicationImpl pooled thread 134] INFO  com.browserstack.utils.Helpers - null
20:30:22.913 [ApplicationImpl pooled thread 132] INFO  c.b.l.BrowserStackRunExtension - application
20:30:22.913 [ApplicationImpl pooled thread 132] INFO  com.browserstack.utils.Helpers - null
20:30:30.808 [ApplicationImpl pooled thread 140] INFO  c.b.l.BrowserStackRunExtension - application
20:30:30.808 [ApplicationImpl pooled thread 140] INFO  com.browserstack.utils.Helpers - null
20:31:32.216 [ApplicationImpl pooled thread 140] INFO  c.b.l.BrowserStackRunExtension - application
20:31:32.217 [ApplicationImpl pooled thread 140] INFO  com.browserstack.utils.Helpers - null
20:31:43.281 [ApplicationImpl pooled thread 140] INFO  c.b.l.BrowserStackRunExtension - application
20:31:43.281 [ApplicationImpl pooled thread 140] INFO  com.browserstack.utils.Helpers - null
21:10:44.441 [ApplicationImpl pooled thread 15] INFO  c.b.l.BrowserStackRunExtension - application
21:10:44.444 [ApplicationImpl pooled thread 15] INFO  com.browserstack.utils.Helpers - null
21:11:04.448 [ApplicationImpl pooled thread 17] INFO  c.b.l.BrowserStackRunExtension - application
21:11:04.448 [ApplicationImpl pooled thread 17] INFO  com.browserstack.utils.Helpers - null
07:08:42.576 [ApplicationImpl pooled thread 8] INFO  c.b.l.BrowserStackRunExtension - application
07:08:42.576 [ApplicationImpl pooled thread 8] INFO  com.browserstack.utils.Helpers - null
08:43:13.109 [ApplicationImpl pooled thread 18] INFO  c.b.l.BrowserStackRunExtension - application
08:43:13.112 [ApplicationImpl pooled thread 18] INFO  com.browserstack.utils.Helpers - null
08:03:17.715 [ApplicationImpl pooled thread 6] INFO  c.b.l.BrowserStackRunExtension - application
08:03:17.722 [ApplicationImpl pooled thread 6] INFO  com.browserstack.utils.Helpers - null
12:45:00.224 [ApplicationImpl pooled thread 44] INFO  c.b.l.BrowserStackRunExtension - application
12:45:00.226 [ApplicationImpl pooled thread 44] INFO  com.browserstack.utils.Helpers - null
12:45:47.056 [ApplicationImpl pooled thread 40] INFO  c.b.l.BrowserStackRunExtension - application
12:45:47.056 [ApplicationImpl pooled thread 40] INFO  com.browserstack.utils.Helpers - null
12:51:51.042 [ApplicationImpl pooled thread 38] INFO  c.b.l.BrowserStackRunExtension - application
12:51:51.042 [ApplicationImpl pooled thread 38] INFO  com.browserstack.utils.Helpers - null
12:57:54.382 [ApplicationImpl pooled thread 54] INFO  c.b.l.BrowserStackRunExtension - application
12:57:54.383 [ApplicationImpl pooled thread 54] INFO  com.browserstack.utils.Helpers - null
12:58:16.286 [ApplicationImpl pooled thread 50] INFO  c.b.l.BrowserStackRunExtension - application
12:58:16.286 [ApplicationImpl pooled thread 50] INFO  com.browserstack.utils.Helpers - null
12:59:13.510 [ApplicationImpl pooled thread 54] INFO  c.b.l.BrowserStackRunExtension - application
12:59:13.510 [ApplicationImpl pooled thread 54] INFO  com.browserstack.utils.Helpers - null
13:03:14.291 [ApplicationImpl pooled thread 53] INFO  c.b.l.BrowserStackRunExtension - application
13:03:14.292 [ApplicationImpl pooled thread 53] INFO  com.browserstack.utils.Helpers - null
13:07:55.558 [ApplicationImpl pooled thread 59] INFO  c.b.l.BrowserStackRunExtension - application
13:07:55.558 [ApplicationImpl pooled thread 59] INFO  com.browserstack.utils.Helpers - null
13:10:30.313 [ApplicationImpl pooled thread 66] INFO  c.b.l.BrowserStackRunExtension - application
13:10:30.313 [ApplicationImpl pooled thread 66] INFO  com.browserstack.utils.Helpers - null
13:11:01.144 [ApplicationImpl pooled thread 66] INFO  c.b.l.BrowserStackRunExtension - application
13:11:01.144 [ApplicationImpl pooled thread 66] INFO  com.browserstack.utils.Helpers - null
13:19:34.764 [ApplicationImpl pooled thread 76] INFO  c.b.l.BrowserStackRunExtension - application
13:19:34.764 [ApplicationImpl pooled thread 76] INFO  com.browserstack.utils.Helpers - null
13:30:59.503 [ApplicationImpl pooled thread 77] INFO  c.b.l.BrowserStackRunExtension - application
13:30:59.503 [ApplicationImpl pooled thread 77] INFO  com.browserstack.utils.Helpers - null
15:17:02.870 [ApplicationImpl pooled thread 101] INFO  c.b.l.BrowserStackRunExtension - application
15:17:02.870 [ApplicationImpl pooled thread 101] INFO  com.browserstack.utils.Helpers - null
15:19:19.865 [ApplicationImpl pooled thread 105] INFO  c.b.l.BrowserStackRunExtension - application
15:19:19.865 [ApplicationImpl pooled thread 105] INFO  com.browserstack.utils.Helpers - null
15:33:37.307 [ApplicationImpl pooled thread 109] INFO  c.b.l.BrowserStackRunExtension - application
15:33:37.307 [ApplicationImpl pooled thread 109] INFO  com.browserstack.utils.Helpers - null
16:12:03.536 [ApplicationImpl pooled thread 27] INFO  c.b.l.BrowserStackRunExtension - application
16:12:03.539 [ApplicationImpl pooled thread 27] INFO  com.browserstack.utils.Helpers - null
16:15:22.413 [ApplicationImpl pooled thread 34] INFO  c.b.l.BrowserStackRunExtension - application
16:15:22.414 [ApplicationImpl pooled thread 34] INFO  com.browserstack.utils.Helpers - null
16:20:55.817 [ApplicationImpl pooled thread 41] INFO  c.b.l.BrowserStackRunExtension - application
16:20:55.817 [ApplicationImpl pooled thread 41] INFO  com.browserstack.utils.Helpers - null
17:00:28.373 [ApplicationImpl pooled thread 67] INFO  c.b.l.BrowserStackRunExtension - application
17:00:28.373 [ApplicationImpl pooled thread 67] INFO  com.browserstack.utils.Helpers - null
17:01:07.924 [ApplicationImpl pooled thread 57] INFO  c.b.l.BrowserStackRunExtension - application
17:01:07.924 [ApplicationImpl pooled thread 57] INFO  com.browserstack.utils.Helpers - null
21:14:38.222 [ApplicationImpl pooled thread 44] INFO  c.b.l.BrowserStackRunExtension - application
21:14:38.224 [ApplicationImpl pooled thread 44] INFO  com.browserstack.utils.Helpers - null
21:15:02.118 [ApplicationImpl pooled thread 57] INFO  c.b.l.BrowserStackRunExtension - application
21:15:02.118 [ApplicationImpl pooled thread 57] INFO  com.browserstack.utils.Helpers - null
21:15:39.411 [ApplicationImpl pooled thread 53] INFO  c.b.l.BrowserStackRunExtension - application
21:15:39.411 [ApplicationImpl pooled thread 53] INFO  com.browserstack.utils.Helpers - null
12:56:12.682 [ApplicationImpl pooled thread 29] INFO  c.b.l.BrowserStackRunExtension - application
12:56:12.684 [ApplicationImpl pooled thread 29] INFO  com.browserstack.utils.Helpers - null
12:59:13.259 [ApplicationImpl pooled thread 30] INFO  c.b.l.BrowserStackRunExtension - application
12:59:13.260 [ApplicationImpl pooled thread 30] INFO  com.browserstack.utils.Helpers - null
13:00:16.429 [ApplicationImpl pooled thread 36] INFO  c.b.l.BrowserStackRunExtension - application
13:00:16.429 [ApplicationImpl pooled thread 36] INFO  com.browserstack.utils.Helpers - null
13:00:33.150 [ApplicationImpl pooled thread 40] INFO  c.b.l.BrowserStackRunExtension - application
13:00:33.150 [ApplicationImpl pooled thread 40] INFO  com.browserstack.utils.Helpers - null
13:01:44.911 [ApplicationImpl pooled thread 39] INFO  c.b.l.BrowserStackRunExtension - application
13:01:44.911 [ApplicationImpl pooled thread 39] INFO  com.browserstack.utils.Helpers - null
13:02:34.561 [ApplicationImpl pooled thread 38] INFO  c.b.l.BrowserStackRunExtension - application
13:02:34.562 [ApplicationImpl pooled thread 38] INFO  com.browserstack.utils.Helpers - null
13:16:54.393 [ApplicationImpl pooled thread 52] INFO  c.b.l.BrowserStackRunExtension - application
13:16:54.393 [ApplicationImpl pooled thread 52] INFO  com.browserstack.utils.Helpers - null
13:17:06.854 [ApplicationImpl pooled thread 52] INFO  c.b.l.BrowserStackRunExtension - application
13:17:06.854 [ApplicationImpl pooled thread 52] INFO  com.browserstack.utils.Helpers - null
13:21:53.502 [ApplicationImpl pooled thread 49] INFO  c.b.l.BrowserStackRunExtension - application
13:21:53.502 [ApplicationImpl pooled thread 49] INFO  com.browserstack.utils.Helpers - null
13:31:33.405 [ApplicationImpl pooled thread 67] INFO  c.b.l.BrowserStackRunExtension - application
13:31:33.406 [ApplicationImpl pooled thread 67] INFO  com.browserstack.utils.Helpers - null
13:31:54.737 [ApplicationImpl pooled thread 67] INFO  c.b.l.BrowserStackRunExtension - application
13:31:54.737 [ApplicationImpl pooled thread 67] INFO  com.browserstack.utils.Helpers - null
13:32:32.851 [ApplicationImpl pooled thread 64] INFO  c.b.l.BrowserStackRunExtension - application
13:32:32.852 [ApplicationImpl pooled thread 64] INFO  com.browserstack.utils.Helpers - null
13:33:22.096 [ApplicationImpl pooled thread 64] INFO  c.b.l.BrowserStackRunExtension - application
13:33:22.096 [ApplicationImpl pooled thread 64] INFO  com.browserstack.utils.Helpers - null
13:40:00.424 [ApplicationImpl pooled thread 66] INFO  c.b.l.BrowserStackRunExtension - application
13:40:00.425 [ApplicationImpl pooled thread 66] INFO  com.browserstack.utils.Helpers - null
